#
# A fatal error has been detected by the Java Runtime Environment:
#
#  SIGSEGV (0xb) at pc=0x000000010460c228, pid=25272, tid=17155
#
# JRE version: Java(TM) SE Runtime Environment (8.0_11-b12) (build 1.8.0_11-b12)
# Java VM: Java HotSpot(TM) 64-Bit Server VM (25.11-b03 mixed mode bsd-amd64 compressed oops)
# Problematic frame:
# V  [libjvm.dylib+0x40c228]
#
# Failed to write core dump. Core dumps have been disabled. To enable core dumping, try "ulimit -c unlimited" before starting Java again
#
# If you would like to submit a bug report, please visit:
#   http://bugreport.sun.com/bugreport/crash.jsp
#

---------------  T H R E A D  ---------------

Current thread (0x00007fc2eb801000):  JavaThread "JDWP Transport Listener: dt_socket" daemon [_thread_in_vm, id=17155, stack(0x0000700000b3b000,0x0000700000c3b000)]

siginfo:si_signo=SIGSEGV: si_errno=0, si_code=0 (SEGV0), si_addr=0x0000000000000000

Registers:
RAX=0x0000000000000001, RBX=0x0000700000c3aa8b, RCX=0x00000001049b0780, RDX=0x0000700000c3aa8b
RSP=0x0000700000c3a9d0, RBP=0x0000700000c3a9e0, RSI=0x00007fc2eb801000, RDI=0x6f566e69614d0002
R8 =0x0000000000000000, R9 =0x00007fc2e9c49770, R10=0x0000000040459114, R11=0x00007fc2e9c00000
R12=0x00007fc2eb801000, R13=0x6f566e69614d0002, R14=0x6f566e69614d0002, R15=0x00007fc2e9d0b650
RIP=0x000000010460c228, EFLAGS=0x0000000000010202, ERR=0x0000000000000000
  TRAPNO=0x000000000000000d

Top of Stack: (sp=0x0000700000c3a9d0)
0x0000700000c3a9d0:   0000700000c3aa8b 0000700000c3aa8b
0x0000700000c3a9e0:   0000700000c3aa40 000000010452552a
0x0000700000c3a9f0:   00007fc2eb801000 0000000000000000
0x0000700000c3aa00:   0000000000000000 0000000000000000
0x0000700000c3aa10:   00007fc2eb801000 00007fc2eb801000
0x0000700000c3aa20:   0000700000c3aa8b 0000700000c3aa90
0x0000700000c3aa30:   6f566e69614d0002 0000000000000002
0x0000700000c3aa40:   0000700000c3aa60 00000001050e17dc
0x0000700000c3aa50:   0000000000000001 0000700000c3ab08
0x0000700000c3aa60:   0000700000c3aad0 00000001050c6263
0x0000700000c3aa70:   0000700000c3aaa0 00007fc2e9c42720
0x0000700000c3aa80:   0000000300000032 0000000900c3ab08
0x0000700000c3aa90:   0000000000000000 0000000000000000
0x0000700000c3aaa0:   0000000000000000 0000700000c3ac90
0x0000700000c3aab0:   00000001050e8eca 00007fc2e9c26e50
0x0000700000c3aac0:   0000700000c3ab08 00000001050f4588
0x0000700000c3aad0:   0000700000c3aae0 00000001050c635c
0x0000700000c3aae0:   0000700000c3ad00 00000001050cf8f6
0x0000700000c3aaf0:   00003d4800000013 00000000000f0200
0x0000700000c3ab00:   00007fc2e9c42760 0000700000c3abcc
0x0000700000c3ab10:   00007fc2000000b8 0000700000c3ab20
0x0000700000c3ab20:   0000000000000074 0000700000c3ab58
0x0000700000c3ab30:   0000000000000000 0000000000000000
0x0000700000c3ab40:   00003d480000001c 00007fff0000fc80
0x0000700000c3ab50:   0000700000c3ab58 c27f000003000000
0x0000700000c3ab60:   0e000000f0b7e0e9 746957726f727265
0x0000700000c3ab70:   0000646c6f464b68 2f6d6f634c281800
0x0000700000c3ab80:   442f3477682f6c6d 493b746553617461
0x0000700000c3ab90:   0000000000005629 c4e9c27f00000a00
0x0000700000c3aba0:   616d04000000488f 5b28160000006e69
0x0000700000c3abb0:   616c2f6176616a4c 6e697274532f676e
0x0000700000c3abc0:   0000000056293b67 00f03f0009000000 

Instructions: (pc=0x000000010460c228)
0x000000010460c208:   40 48 48 85 c0 75 e0 30 c0 0f b6 c0 5d c3 31 c0
0x000000010460c218:   5d c3 55 48 89 e5 53 48 83 ec 08 48 85 ff 74 24
0x000000010460c228:   48 8b 1f 48 85 db 74 1c 48 83 fb 37 74 16 48 8b
0x000000010460c238:   03 48 89 df ff 50 08 84 c0 b8 00 00 00 00 48 0f 

Register to memory mapping:

RAX=0x0000000000000001 is an unknown value
RBX=0x0000700000c3aa8b is pointing into the stack for thread: 0x00007fc2eb801000
RCX=0x00000001049b0780: UseMembar+0 in /Library/Java/JavaVirtualMachines/jdk1.8.0_11.jdk/Contents/Home/jre/lib/server/libjvm.dylib at 0x0000000104200000
RDX=0x0000700000c3aa8b is pointing into the stack for thread: 0x00007fc2eb801000
RSP=0x0000700000c3a9d0 is pointing into the stack for thread: 0x00007fc2eb801000
RBP=0x0000700000c3a9e0 is pointing into the stack for thread: 0x00007fc2eb801000
RSI=0x00007fc2eb801000 is a thread
RDI=0x6f566e69614d0002 is an unknown value
R8 =0x0000000000000000 is an unknown value
R9 =0x00007fc2e9c49770 is an unknown value
R10=0x0000000040459114 is an unknown value
R11=0x00007fc2e9c00000 is an unknown value
R12=0x00007fc2eb801000 is a thread
R13=0x6f566e69614d0002 is an unknown value
R14=0x6f566e69614d0002 is an unknown value
R15=0x00007fc2e9d0b650 is an unknown value


Stack: [0x0000700000b3b000,0x0000700000c3b000],  sp=0x0000700000c3a9d0,  free space=1022k
Native frames: (J=compiled Java code, j=interpreted, Vv=VM code, C=native code)
V  [libjvm.dylib+0x40c228]
V  [libjvm.dylib+0x32552a]
C  [libjdwp.dylib+0x207dc]  isMethodSynthetic+0x63
C  [libjdwp.dylib+0x5263]  methods1+0x10b
C  [libjdwp.dylib+0x535c]  methodsWithGeneric+0xe
C  [libjdwp.dylib+0xe8f6]  debugLoop_run+0x1ce
C  [libjdwp.dylib+0x1f716]  attachThread+0x4d
V  [libjvm.dylib+0x36659a]
V  [libjvm.dylib+0x51d86d]
V  [libjvm.dylib+0x51efaa]
V  [libjvm.dylib+0x446026]
C  [libsystem_pthread.dylib+0x39b1]  _pthread_body+0x83
C  [libsystem_pthread.dylib+0x392e]  _pthread_body+0x0
C  [libsystem_pthread.dylib+0x1385]  thread_start+0xd


---------------  P R O C E S S  ---------------

Java Threads: ( => current thread )
  0x00007fc2eb80e000 JavaThread "Service Thread" daemon [_thread_blocked, id=20227, stack(0x000070000114d000,0x000070000124d000)]
  0x00007fc2eb00c000 JavaThread "C1 CompilerThread2" daemon [_thread_blocked, id=19715, stack(0x000070000104a000,0x000070000114a000)]
  0x00007fc2eb00d000 JavaThread "C2 CompilerThread1" daemon [_thread_blocked, id=19203, stack(0x0000700000f47000,0x0000700001047000)]
  0x00007fc2ea07b800 JavaThread "C2 CompilerThread0" daemon [_thread_blocked, id=18691, stack(0x0000700000e44000,0x0000700000f44000)]
  0x00007fc2ea071800 JavaThread "JDWP Command Reader" daemon [_thread_in_native, id=18179, stack(0x0000700000d41000,0x0000700000e41000)]
  0x00007fc2ea816800 JavaThread "JDWP Event Helper Thread" daemon [_thread_blocked, id=17667, stack(0x0000700000c3e000,0x0000700000d3e000)]
=>0x00007fc2eb801000 JavaThread "JDWP Transport Listener: dt_socket" daemon [_thread_in_vm, id=17155, stack(0x0000700000b3b000,0x0000700000c3b000)]
  0x00007fc2ea05c000 JavaThread "Signal Dispatcher" daemon [_thread_blocked, id=13839, stack(0x0000700000a38000,0x0000700000b38000)]
  0x00007fc2ea054800 JavaThread "Finalizer" daemon [_thread_blocked, id=12291, stack(0x000070000082f000,0x000070000092f000)]
  0x00007fc2eb80a800 JavaThread "Reference Handler" daemon [_thread_blocked, id=11779, stack(0x000070000072c000,0x000070000082c000)]
  0x00007fc2ea004000 JavaThread "main" [_thread_blocked, id=5891, stack(0x000070000011a000,0x000070000021a000)]

Other Threads:
  0x00007fc2ea052000 VMThread [stack: 0x0000700000629000,0x0000700000729000] [id=11267]
  0x00007fc2ea05a800 WatcherThread [stack: 0x0000700001250000,0x0000700001350000] [id=20739]

VM state:not at safepoint (normal execution)

VM Mutex/Monitor currently owned by a thread: None

Heap:
 PSYoungGen      total 1536K, used 819K [0x00000007aab00000, 0x00000007aad00000, 0x00000007c0000000)
  eden space 1024K, 30% used [0x00000007aab00000,0x00000007aab4cd60,0x00000007aac00000)
  from space 512K, 100% used [0x00000007aac80000,0x00000007aad00000,0x00000007aad00000)
  to   space 512K, 0% used [0x00000007aac00000,0x00000007aac00000,0x00000007aac80000)
 ParOldGen       total 64000K, used 216K [0x0000000780000000, 0x0000000783e80000, 0x00000007aab00000)
  object space 64000K, 0% used [0x0000000780000000,0x0000000780036020,0x0000000783e80000)
 Metaspace       used 2992K, capacity 4564K, committed 4864K, reserved 1056768K
  class space    used 317K, capacity 388K, committed 512K, reserved 1048576K

Card table byte_map: [0x00000001144de000,0x00000001146df000] byte_map_base: 0x00000001108de000

Marking Bits: (ParMarkBitMap*) 0x0000000104a670a0
 Begin Bits: [0x0000000114835000, 0x0000000115835000)
 End Bits:   [0x0000000115835000, 0x0000000116835000)

Polling page: 0x00000001039fb000

CodeCache: size=245760Kb used=1430Kb max_used=1430Kb free=244329Kb
 bounds [0x000000010511e000, 0x000000010538e000, 0x000000011411e000]
 total_blobs=375 nmethods=148 adapters=151
 compilation: enabled

Compilation events (10 events):
Event: 25.780 Thread 0x00007fc2eb00c000  143       3       java.lang.AbstractStringBuilder::<init> (12 bytes)
Event: 25.780 Thread 0x00007fc2eb00c000 nmethod 143 0x0000000105271150 code [0x00000001052712c0, 0x0000000105271510]
Event: 25.780 Thread 0x00007fc2eb00c000  144       3       java.lang.StringBuilder::<init> (7 bytes)
Event: 25.781 Thread 0x00007fc2eb00c000 nmethod 144 0x0000000105270c10 code [0x0000000105270d80, 0x0000000105271030]
Event: 25.781 Thread 0x00007fc2eb00c000  146       3       java.lang.String::<init> (10 bytes)
Event: 25.781 Thread 0x00007fc2eb00c000 nmethod 146 0x0000000105270850 code [0x00000001052709a0, 0x0000000105270b50]
Event: 25.781 Thread 0x00007fc2eb00c000  147       3       java.lang.StringBuilder::toString (17 bytes)
Event: 25.781 Thread 0x00007fc2eb00c000 nmethod 147 0x0000000105270450 code [0x00000001052705c0, 0x00000001052707a8]
Event: 25.781 Thread 0x00007fc2eb00c000  148       3       java.lang.String::valueOf (14 bytes)
Event: 25.781 Thread 0x00007fc2eb00c000 nmethod 148 0x000000010526ffd0 code [0x0000000105270140, 0x00000001052703a8]

GC Heap History (8 events):
Event: 0.444 GC heap before
{Heap before GC invocations=1 (full 0):
 PSYoungGen      total 1024K, used 512K [0x00000007aab00000, 0x00000007aac80000, 0x00000007c0000000)
  eden space 512K, 100% used [0x00000007aab00000,0x00000007aab80000,0x00000007aab80000)
  from space 512K, 0% used [0x00000007aac00000,0x00000007aac00000,0x00000007aac80000)
  to   space 512K, 0% used [0x00000007aab80000,0x00000007aab80000,0x00000007aac00000)
 ParOldGen       total 64000K, used 0K [0x0000000780000000, 0x0000000783e80000, 0x00000007aab00000)
  object space 64000K, 0% used [0x0000000780000000,0x0000000780000000,0x0000000783e80000)
 Metaspace       used 2519K, capacity 4480K, committed 4480K, reserved 1056768K
  class space    used 268K, capacity 384K, committed 384K, reserved 1048576K
Event: 0.445 GC heap after
Heap after GC invocations=1 (full 0):
 PSYoungGen      total 1024K, used 464K [0x00000007aab00000, 0x00000007aac80000, 0x00000007c0000000)
  eden space 512K, 0% used [0x00000007aab00000,0x00000007aab00000,0x00000007aab80000)
  from space 512K, 90% used [0x00000007aab80000,0x00000007aabf4010,0x00000007aac00000)
  to   space 512K, 0% used [0x00000007aac00000,0x00000007aac00000,0x00000007aac80000)
 ParOldGen       total 64000K, used 8K [0x0000000780000000, 0x0000000783e80000, 0x00000007aab00000)
  object space 64000K, 0% used [0x0000000780000000,0x0000000780002000,0x0000000783e80000)
 Metaspace       used 2519K, capacity 4480K, committed 4480K, reserved 1056768K
  class space    used 268K, capacity 384K, committed 384K, reserved 1048576K
}
Event: 0.495 GC heap before
{Heap before GC invocations=2 (full 0):
 PSYoungGen      total 1024K, used 976K [0x00000007aab00000, 0x00000007aac80000, 0x00000007c0000000)
  eden space 512K, 100% used [0x00000007aab00000,0x00000007aab80000,0x00000007aab80000)
  from space 512K, 90% used [0x00000007aab80000,0x00000007aabf4010,0x00000007aac00000)
  to   space 512K, 0% used [0x00000007aac00000,0x00000007aac00000,0x00000007aac80000)
 ParOldGen       total 64000K, used 8K [0x0000000780000000, 0x0000000783e80000, 0x00000007aab00000)
  object space 64000K, 0% used [0x0000000780000000,0x0000000780002000,0x0000000783e80000)
 Metaspace       used 2938K, capacity 4564K, committed 4864K, reserved 1056768K
  class space    used 316K, capacity 388K, committed 512K, reserved 1048576K
Event: 0.497 GC heap after
Heap after GC invocations=2 (full 0):
 PSYoungGen      total 1024K, used 512K [0x00000007aab00000, 0x00000007aad00000, 0x00000007c0000000)
  eden space 512K, 0% used [0x00000007aab00000,0x00000007aab00000,0x00000007aab80000)
  from space 512K, 100% used [0x00000007aac00000,0x00000007aac80000,0x00000007aac80000)
  to   space 512K, 0% used [0x00000007aab80000,0x00000007aab80000,0x00000007aac00000)
 ParOldGen       total 64000K, used 72K [0x0000000780000000, 0x0000000783e80000, 0x00000007aab00000)
  object space 64000K, 0% used [0x0000000780000000,0x0000000780012000,0x0000000783e80000)
 Metaspace       used 2938K, capacity 4564K, committed 4864K, reserved 1056768K
  class space    used 316K, capacity 388K, committed 512K, reserved 1048576K
}
Event: 0.523 GC heap before
{Heap before GC invocations=3 (full 0):
 PSYoungGen      total 1024K, used 1024K [0x00000007aab00000, 0x00000007aad00000, 0x00000007c0000000)
  eden space 512K, 100% used [0x00000007aab00000,0x00000007aab80000,0x00000007aab80000)
  from space 512K, 100% used [0x00000007aac00000,0x00000007aac80000,0x00000007aac80000)
  to   space 512K, 0% used [0x00000007aab80000,0x00000007aab80000,0x00000007aac00000)
 ParOldGen       total 64000K, used 72K [0x0000000780000000, 0x0000000783e80000, 0x00000007aab00000)
  object space 64000K, 0% used [0x0000000780000000,0x0000000780012000,0x0000000783e80000)
 Metaspace       used 2961K, capacity 4564K, committed 4864K, reserved 1056768K
  class space    used 316K, capacity 388K, committed 512K, reserved 1048576K
Event: 0.525 GC heap after
Heap after GC invocations=3 (full 0):
 PSYoungGen      total 1024K, used 496K [0x00000007aab00000, 0x00000007aad00000, 0x00000007c0000000)
  eden space 512K, 0% used [0x00000007aab00000,0x00000007aab00000,0x00000007aab80000)
  from space 512K, 96% used [0x00000007aab80000,0x00000007aabfc030,0x00000007aac00000)
  to   space 512K, 0% used [0x00000007aac80000,0x00000007aac80000,0x00000007aad00000)
 ParOldGen       total 64000K, used 152K [0x0000000780000000, 0x0000000783e80000, 0x00000007aab00000)
  object space 64000K, 0% used [0x0000000780000000,0x0000000780026000,0x0000000783e80000)
 Metaspace       used 2961K, capacity 4564K, committed 4864K, reserved 1056768K
  class space    used 316K, capacity 388K, committed 512K, reserved 1048576K
}
Event: 0.540 GC heap before
{Heap before GC invocations=4 (full 0):
 PSYoungGen      total 1024K, used 1008K [0x00000007aab00000, 0x00000007aad00000, 0x00000007c0000000)
  eden space 512K, 100% used [0x00000007aab00000,0x00000007aab80000,0x00000007aab80000)
  from space 512K, 96% used [0x00000007aab80000,0x00000007aabfc030,0x00000007aac00000)
  to   space 512K, 0% used [0x00000007aac80000,0x00000007aac80000,0x00000007aad00000)
 ParOldGen       total 64000K, used 152K [0x0000000780000000, 0x0000000783e80000, 0x00000007aab00000)
  object space 64000K, 0% used [0x0000000780000000,0x0000000780026000,0x0000000783e80000)
 Metaspace       used 2967K, capacity 4564K, committed 4864K, reserved 1056768K
  class space    used 316K, capacity 388K, committed 512K, reserved 1048576K
Event: 0.543 GC heap after
Heap after GC invocations=4 (full 0):
 PSYoungGen      total 1536K, used 512K [0x00000007aab00000, 0x00000007aad00000, 0x00000007c0000000)
  eden space 1024K, 0% used [0x00000007aab00000,0x00000007aab00000,0x00000007aac00000)
  from space 512K, 100% used [0x00000007aac80000,0x00000007aad00000,0x00000007aad00000)
  to   space 512K, 0% used [0x00000007aac00000,0x00000007aac00000,0x00000007aac80000)
 ParOldGen       total 64000K, used 216K [0x0000000780000000, 0x0000000783e80000, 0x00000007aab00000)
  object space 64000K, 0% used [0x0000000780000000,0x0000000780036020,0x0000000783e80000)
 Metaspace       used 2967K, capacity 4564K, committed 4864K, reserved 1056768K
  class space    used 316K, capacity 388K, committed 512K, reserved 1048576K
}

Deoptimization events (1 events):
Event: 9.901 Thread 0x00007fc2ea004000 Uncommon trap: reason=unreached action=reinterpret pc=0x0000000105256e20 method=java.util.HashMap.getNode(ILjava/lang/Object;)Ljava/util/HashMap$Node; @ 49

Internal exceptions (7 events):
Event: 0.135 Thread 0x00007fc2ea004000 Exception <a 'java/lang/NoSuchMethodError': Method sun.misc.Unsafe.defineClass(Ljava/lang/String;[BII)Ljava/lang/Class; name or signature does not match> (0x00000007aab14a80) thrown at [/HUDSON3/workspace/8-2-build-macosx-x86_64/jdk8u11/648/hotspot/src/sh
Event: 0.135 Thread 0x00007fc2ea004000 Exception <a 'java/lang/NoSuchMethodError': Method sun.misc.Unsafe.prefetchRead(Ljava/lang/Object;J)V name or signature does not match> (0x00000007aab14d10) thrown at [/HUDSON3/workspace/8-2-build-macosx-x86_64/jdk8u11/648/hotspot/src/share/vm/prims/jni.c
Event: 0.455 Thread 0x00007fc2ea004000 Exception <a 'java/security/PrivilegedActionException'> (0x00000007aab20228) thrown at [/HUDSON3/workspace/8-2-build-macosx-x86_64/jdk8u11/648/hotspot/src/share/vm/prims/jvm.cpp, line 1248]
Event: 0.461 Thread 0x00007fc2ea004000 Exception <a 'java/security/PrivilegedActionException'> (0x00000007aab2bec0) thrown at [/HUDSON3/workspace/8-2-build-macosx-x86_64/jdk8u11/648/hotspot/src/share/vm/prims/jvm.cpp, line 1248]
Event: 0.471 Thread 0x00007fc2ea004000 Exception <a 'java/security/PrivilegedActionException'> (0x00000007aab46338) thrown at [/HUDSON3/workspace/8-2-build-macosx-x86_64/jdk8u11/648/hotspot/src/share/vm/prims/jvm.cpp, line 1248]
Event: 0.472 Thread 0x00007fc2ea004000 Exception <a 'java/security/PrivilegedActionException'> (0x00000007aab49cd8) thrown at [/HUDSON3/workspace/8-2-build-macosx-x86_64/jdk8u11/648/hotspot/src/share/vm/prims/jvm.cpp, line 1248]
Event: 9.900 Thread 0x00007fc2ea004000 Exception <a 'java/security/PrivilegedActionException'> (0x00000007aab093b0) thrown at [/HUDSON3/workspace/8-2-build-macosx-x86_64/jdk8u11/648/hotspot/src/share/vm/prims/jvm.cpp, line 1248]

Events (10 events):
Event: 23.390 Executing VM operation: GetOrSetLocal
Event: 23.390 Executing VM operation: GetOrSetLocal done
Event: 23.391 Executing VM operation: GetOrSetLocal
Event: 23.391 Executing VM operation: GetOrSetLocal done
Event: 25.790 Executing VM operation: GetOrSetLocal
Event: 25.790 Executing VM operation: GetOrSetLocal done
Event: 25.790 Executing VM operation: GetOrSetLocal
Event: 25.790 Executing VM operation: GetOrSetLocal done
Event: 96.609 Executing VM operation: RedefineClasses
Event: 96.619 Executing VM operation: RedefineClasses done


Dynamic libraries:
0x0000000000521000 	/System/Library/Frameworks/Cocoa.framework/Versions/A/Cocoa
0x0000000000521000 	/System/Library/Frameworks/Security.framework/Versions/A/Security
0x0000000000521000 	/System/Library/Frameworks/ApplicationServices.framework/Versions/A/ApplicationServices
0x0000000000521000 	/usr/lib/libz.1.dylib
0x0000000000521000 	/usr/lib/libSystem.B.dylib
0x0000000000521000 	/usr/lib/libobjc.A.dylib
0x0000000000521000 	/System/Library/Frameworks/CoreFoundation.framework/Versions/A/CoreFoundation
0x0000000000521000 	/System/Library/Frameworks/Foundation.framework/Versions/C/Foundation
0x0000000000521000 	/System/Library/Frameworks/AppKit.framework/Versions/C/AppKit
0x0000000000521000 	/System/Library/Frameworks/CoreData.framework/Versions/A/CoreData
0x0000000000521000 	/System/Library/PrivateFrameworks/RemoteViewServices.framework/Versions/A/RemoteViewServices
0x0000000000521000 	/System/Library/PrivateFrameworks/UIFoundation.framework/Versions/A/UIFoundation
0x0000000000521000 	/usr/lib/libScreenReader.dylib
0x0000000000521000 	/System/Library/Frameworks/Accelerate.framework/Versions/A/Accelerate
0x0000000000521000 	/System/Library/Frameworks/IOSurface.framework/Versions/A/IOSurface
0x0000000000521000 	/System/Library/Frameworks/AudioToolbox.framework/Versions/A/AudioToolbox
0x0000000000521000 	/System/Library/Frameworks/AudioUnit.framework/Versions/A/AudioUnit
0x0000000000521000 	/System/Library/PrivateFrameworks/DataDetectorsCore.framework/Versions/A/DataDetectorsCore
0x0000000000521000 	/System/Library/PrivateFrameworks/DesktopServicesPriv.framework/Versions/A/DesktopServicesPriv
0x0000000000521000 	/System/Library/Frameworks/Carbon.framework/Versions/A/Frameworks/HIToolbox.framework/Versions/A/HIToolbox
0x0000000000521000 	/System/Library/Frameworks/QuartzCore.framework/Versions/A/QuartzCore
0x0000000000521000 	/System/Library/Frameworks/Carbon.framework/Versions/A/Frameworks/SpeechRecognition.framework/Versions/A/SpeechRecognition
0x0000000000521000 	/usr/lib/libauto.dylib
0x0000000000521000 	/usr/lib/libicucore.A.dylib
0x0000000000521000 	/usr/lib/libxml2.2.dylib
0x0000000000521000 	/System/Library/PrivateFrameworks/CoreUI.framework/Versions/A/CoreUI
0x0000000000521000 	/System/Library/Frameworks/CoreAudio.framework/Versions/A/CoreAudio
0x0000000000521000 	/System/Library/Frameworks/DiskArbitration.framework/Versions/A/DiskArbitration
0x0000000000521000 	/usr/lib/liblangid.dylib
0x0000000000521000 	/System/Library/PrivateFrameworks/MultitouchSupport.framework/Versions/A/MultitouchSupport
0x0000000000521000 	/System/Library/Frameworks/IOKit.framework/Versions/A/IOKit
0x0000000000521000 	/usr/lib/libDiagnosticMessagesClient.dylib
0x0000000000521000 	/System/Library/Frameworks/CoreServices.framework/Versions/A/CoreServices
0x0000000000521000 	/System/Library/PrivateFrameworks/PerformanceAnalysis.framework/Versions/A/PerformanceAnalysis
0x0000000000521000 	/System/Library/PrivateFrameworks/GenerationalStorage.framework/Versions/A/GenerationalStorage
0x0000000000521000 	/System/Library/Frameworks/OpenGL.framework/Versions/A/OpenGL
0x0000000000521000 	/System/Library/PrivateFrameworks/Sharing.framework/Versions/A/Sharing
0x0000000000521000 	/System/Library/Frameworks/CoreGraphics.framework/Versions/A/CoreGraphics
0x0000000000521000 	/System/Library/Frameworks/CoreImage.framework/Versions/A/CoreImage
0x0000000000521000 	/System/Library/Frameworks/CoreText.framework/Versions/A/CoreText
0x0000000000521000 	/System/Library/Frameworks/ImageIO.framework/Versions/A/ImageIO
0x0000000000521000 	/System/Library/PrivateFrameworks/Backup.framework/Versions/A/Backup
0x0000000000521000 	/usr/lib/libextension.dylib
0x0000000000521000 	/usr/lib/libarchive.2.dylib
0x0000000000521000 	/System/Library/Frameworks/CFNetwork.framework/Versions/A/CFNetwork
0x0000000000521000 	/System/Library/Frameworks/SystemConfiguration.framework/Versions/A/SystemConfiguration
0x0000000000521000 	/usr/lib/libCRFSuite.dylib
0x0000000000521000 	/usr/lib/libc++.1.dylib
0x0000000000521000 	/usr/lib/libc++abi.dylib
0x0000000000521000 	/usr/lib/system/libcache.dylib
0x0000000000521000 	/usr/lib/system/libcommonCrypto.dylib
0x0000000000521000 	/usr/lib/system/libcompiler_rt.dylib
0x0000000000521000 	/usr/lib/system/libcopyfile.dylib
0x0000000000521000 	/usr/lib/system/libcorecrypto.dylib
0x0000000000521000 	/usr/lib/system/libdispatch.dylib
0x0000000000521000 	/usr/lib/system/libdyld.dylib
0x0000000000521000 	/usr/lib/system/libkeymgr.dylib
0x0000000000521000 	/usr/lib/system/liblaunch.dylib
0x0000000000521000 	/usr/lib/system/libmacho.dylib
0x0000000000521000 	/usr/lib/system/libquarantine.dylib
0x0000000000521000 	/usr/lib/system/libremovefile.dylib
0x0000000000521000 	/usr/lib/system/libsystem_asl.dylib
0x0000000000521000 	/usr/lib/system/libsystem_blocks.dylib
0x0000000000521000 	/usr/lib/system/libsystem_c.dylib
0x0000000000521000 	/usr/lib/system/libsystem_configuration.dylib
0x0000000000521000 	/usr/lib/system/libsystem_coreservices.dylib
0x0000000000521000 	/usr/lib/system/libsystem_coretls.dylib
0x0000000000521000 	/usr/lib/system/libsystem_dnssd.dylib
0x0000000000521000 	/usr/lib/system/libsystem_info.dylib
0x0000000000521000 	/usr/lib/system/libsystem_kernel.dylib
0x0000000000521000 	/usr/lib/system/libsystem_m.dylib
0x0000000000521000 	/usr/lib/system/libsystem_malloc.dylib
0x0000000000521000 	/usr/lib/system/libsystem_network.dylib
0x0000000000521000 	/usr/lib/system/libsystem_networkextension.dylib
0x0000000000521000 	/usr/lib/system/libsystem_notify.dylib
0x0000000000521000 	/usr/lib/system/libsystem_platform.dylib
0x0000000000521000 	/usr/lib/system/libsystem_pthread.dylib
0x0000000000521000 	/usr/lib/system/libsystem_sandbox.dylib
0x0000000000521000 	/usr/lib/system/libsystem_secinit.dylib
0x0000000000521000 	/usr/lib/system/libsystem_trace.dylib
0x0000000000521000 	/usr/lib/system/libunc.dylib
0x0000000000521000 	/usr/lib/system/libunwind.dylib
0x0000000000521000 	/usr/lib/system/libxpc.dylib
0x0000000000521000 	/usr/lib/libenergytrace.dylib
0x0000000000521000 	/usr/lib/libbsm.0.dylib
0x0000000000521000 	/usr/lib/system/libkxld.dylib
0x0000000000521000 	/usr/lib/libxar.1.dylib
0x0000000000521000 	/usr/lib/libsqlite3.dylib
0x0000000000521000 	/usr/lib/libpam.2.dylib
0x0000000000521000 	/usr/lib/libOpenScriptingUtil.dylib
0x0000000000521000 	/usr/lib/libbz2.1.0.dylib
0x0000000000521000 	/usr/lib/liblzma.5.dylib
0x0000000000521000 	/System/Library/Frameworks/CoreServices.framework/Versions/A/Frameworks/FSEvents.framework/Versions/A/FSEvents
0x0000000000521000 	/System/Library/Frameworks/CoreServices.framework/Versions/A/Frameworks/CarbonCore.framework/Versions/A/CarbonCore
0x0000000000521000 	/System/Library/Frameworks/CoreServices.framework/Versions/A/Frameworks/Metadata.framework/Versions/A/Metadata
0x0000000000521000 	/System/Library/Frameworks/CoreServices.framework/Versions/A/Frameworks/OSServices.framework/Versions/A/OSServices
0x0000000000521000 	/System/Library/Frameworks/CoreServices.framework/Versions/A/Frameworks/SearchKit.framework/Versions/A/SearchKit
0x0000000000521000 	/System/Library/Frameworks/CoreServices.framework/Versions/A/Frameworks/AE.framework/Versions/A/AE
0x0000000000521000 	/System/Library/Frameworks/CoreServices.framework/Versions/A/Frameworks/LaunchServices.framework/Versions/A/LaunchServices
0x0000000000521000 	/System/Library/Frameworks/CoreServices.framework/Versions/A/Frameworks/DictionaryServices.framework/Versions/A/DictionaryServices
0x0000000000521000 	/System/Library/Frameworks/CoreServices.framework/Versions/A/Frameworks/SharedFileList.framework/Versions/A/SharedFileList
0x0000000000521000 	/System/Library/Frameworks/NetFS.framework/Versions/A/NetFS
0x0000000000521000 	/System/Library/PrivateFrameworks/NetAuth.framework/Versions/A/NetAuth
0x0000000000521000 	/System/Library/PrivateFrameworks/login.framework/Versions/A/Frameworks/loginsupport.framework/Versions/A/loginsupport
0x0000000000521000 	/System/Library/PrivateFrameworks/TCC.framework/Versions/A/TCC
0x0000000000521000 	/usr/lib/libmecabra.dylib
0x0000000000521000 	/System/Library/Frameworks/ApplicationServices.framework/Versions/A/Frameworks/ATS.framework/Versions/A/ATS
0x0000000000521000 	/System/Library/Frameworks/ApplicationServices.framework/Versions/A/Frameworks/ColorSync.framework/Versions/A/ColorSync
0x0000000000521000 	/System/Library/Frameworks/ApplicationServices.framework/Versions/A/Frameworks/HIServices.framework/Versions/A/HIServices
0x0000000000521000 	/System/Library/Frameworks/ApplicationServices.framework/Versions/A/Frameworks/LangAnalysis.framework/Versions/A/LangAnalysis
0x0000000000521000 	/System/Library/Frameworks/ApplicationServices.framework/Versions/A/Frameworks/PrintCore.framework/Versions/A/PrintCore
0x0000000000521000 	/System/Library/Frameworks/ApplicationServices.framework/Versions/A/Frameworks/QD.framework/Versions/A/QD
0x0000000000521000 	/System/Library/Frameworks/ApplicationServices.framework/Versions/A/Frameworks/SpeechSynthesis.framework/Versions/A/SpeechSynthesis
0x0000000000521000 	/System/Library/Frameworks/Metal.framework/Versions/A/Metal
0x0000000000521000 	/System/Library/Frameworks/Accelerate.framework/Versions/A/Frameworks/vImage.framework/Versions/A/vImage
0x0000000000521000 	/System/Library/Frameworks/Accelerate.framework/Versions/A/Frameworks/vecLib.framework/Versions/A/vecLib
0x0000000000521000 	/System/Library/Frameworks/Accelerate.framework/Versions/A/Frameworks/vecLib.framework/Versions/A/libvDSP.dylib
0x0000000000521000 	/System/Library/Frameworks/Accelerate.framework/Versions/A/Frameworks/vecLib.framework/Versions/A/libvMisc.dylib
0x0000000000521000 	/System/Library/Frameworks/Accelerate.framework/Versions/A/Frameworks/vecLib.framework/Versions/A/libLAPACK.dylib
0x0000000000521000 	/System/Library/Frameworks/Accelerate.framework/Versions/A/Frameworks/vecLib.framework/Versions/A/libBLAS.dylib
0x0000000000521000 	/System/Library/Frameworks/Accelerate.framework/Versions/A/Frameworks/vecLib.framework/Versions/A/libLinearAlgebra.dylib
0x0000000000521000 	/System/Library/Frameworks/Accelerate.framework/Versions/A/Frameworks/vecLib.framework/Versions/A/libSparseBLAS.dylib
0x0000000000521000 	/System/Library/PrivateFrameworks/GPUCompiler.framework/libmetal_timestamp.dylib
0x0000000000521000 	/System/Library/Frameworks/OpenGL.framework/Versions/A/Libraries/libCoreFSCache.dylib
0x0000000000521000 	/System/Library/PrivateFrameworks/IOAccelerator.framework/Versions/A/IOAccelerator
0x0000000000521000 	/System/Library/Frameworks/ApplicationServices.framework/Versions/A/Frameworks/ATS.framework/Versions/A/Resources/libFontParser.dylib
0x0000000000521000 	/System/Library/Frameworks/ApplicationServices.framework/Versions/A/Frameworks/ATS.framework/Versions/A/Resources/libFontRegistry.dylib
0x0000000000521000 	/System/Library/PrivateFrameworks/AppleVPA.framework/Versions/A/AppleVPA
0x0000000000521000 	/System/Library/PrivateFrameworks/AppleJPEG.framework/Versions/A/AppleJPEG
0x0000000000521000 	/System/Library/Frameworks/ImageIO.framework/Versions/A/Resources/libJPEG.dylib
0x0000000000521000 	/System/Library/Frameworks/ImageIO.framework/Versions/A/Resources/libTIFF.dylib
0x0000000000521000 	/System/Library/Frameworks/ImageIO.framework/Versions/A/Resources/libPng.dylib
0x0000000000521000 	/System/Library/Frameworks/ImageIO.framework/Versions/A/Resources/libGIF.dylib
0x0000000000521000 	/System/Library/Frameworks/ImageIO.framework/Versions/A/Resources/libJP2.dylib
0x0000000000521000 	/System/Library/Frameworks/ImageIO.framework/Versions/A/Resources/libRadiance.dylib
0x0000000000521000 	/System/Library/Frameworks/CoreVideo.framework/Versions/A/CoreVideo
0x0000000000521000 	/System/Library/Frameworks/OpenGL.framework/Versions/A/Libraries/libGLU.dylib
0x0000000000521000 	/System/Library/Frameworks/OpenGL.framework/Versions/A/Libraries/libGFXShared.dylib
0x0000000000521000 	/System/Library/Frameworks/OpenGL.framework/Versions/A/Libraries/libGL.dylib
0x0000000000521000 	/System/Library/Frameworks/OpenGL.framework/Versions/A/Libraries/libGLImage.dylib
0x0000000000521000 	/System/Library/Frameworks/OpenGL.framework/Versions/A/Libraries/libCVMSPluginSupport.dylib
0x0000000000521000 	/System/Library/Frameworks/OpenGL.framework/Versions/A/Libraries/libCoreVMClient.dylib
0x0000000000521000 	/usr/lib/libcups.2.dylib
0x0000000000521000 	/System/Library/Frameworks/Kerberos.framework/Versions/A/Kerberos
0x0000000000521000 	/System/Library/Frameworks/GSS.framework/Versions/A/GSS
0x0000000000521000 	/usr/lib/libresolv.9.dylib
0x0000000000521000 	/usr/lib/libiconv.2.dylib
0x0000000000521000 	/System/Library/PrivateFrameworks/Heimdal.framework/Versions/A/Heimdal
0x0000000000521000 	/usr/lib/libheimdal-asn1.dylib
0x0000000000521000 	/System/Library/Frameworks/OpenDirectory.framework/Versions/A/OpenDirectory
0x0000000000521000 	/System/Library/PrivateFrameworks/CommonAuth.framework/Versions/A/CommonAuth
0x0000000000521000 	/System/Library/Frameworks/OpenDirectory.framework/Versions/A/Frameworks/CFOpenDirectory.framework/Versions/A/CFOpenDirectory
0x0000000000521000 	/System/Library/Frameworks/SecurityFoundation.framework/Versions/A/SecurityFoundation
0x0000000000521000 	/System/Library/PrivateFrameworks/LanguageModeling.framework/Versions/A/LanguageModeling
0x0000000000521000 	/usr/lib/libmarisa.dylib
0x0000000000521000 	/usr/lib/libChineseTokenizer.dylib
0x0000000000521000 	/usr/lib/libcmph.dylib
0x0000000000521000 	/usr/lib/libcompression.dylib
0x0000000000521000 	/System/Library/Frameworks/ServiceManagement.framework/Versions/A/ServiceManagement
0x0000000000521000 	/usr/lib/libxslt.1.dylib
0x0000000000521000 	/System/Library/Frameworks/Carbon.framework/Versions/A/Frameworks/Ink.framework/Versions/A/Ink
0x0000000000521000 	/usr/lib/libFosl_dynamic.dylib
0x0000000000521000 	/System/Library/PrivateFrameworks/FaceCore.framework/Versions/A/FaceCore
0x0000000000521000 	/System/Library/Frameworks/OpenCL.framework/Versions/A/OpenCL
0x0000000000521000 	/System/Library/PrivateFrameworks/CrashReporterSupport.framework/Versions/A/CrashReporterSupport
0x0000000000521000 	/System/Library/PrivateFrameworks/IconServices.framework/Versions/A/IconServices
0x0000000000521000 	/System/Library/PrivateFrameworks/Apple80211.framework/Versions/A/Apple80211
0x0000000000521000 	/System/Library/Frameworks/CoreWLAN.framework/Versions/A/CoreWLAN
0x0000000000521000 	/System/Library/Frameworks/IOBluetooth.framework/Versions/A/IOBluetooth
0x0000000000521000 	/System/Library/PrivateFrameworks/CoreWiFi.framework/Versions/A/CoreWiFi
0x0000000000521000 	/System/Library/Frameworks/CoreBluetooth.framework/Versions/A/CoreBluetooth
0x0000000000521000 	/System/Library/PrivateFrameworks/ChunkingLibrary.framework/Versions/A/ChunkingLibrary
0x0000000000521000 	/System/Library/PrivateFrameworks/DebugSymbols.framework/Versions/A/DebugSymbols
0x0000000000521000 	/System/Library/PrivateFrameworks/CoreSymbolication.framework/Versions/A/CoreSymbolication
0x0000000000521000 	/System/Library/PrivateFrameworks/Symbolication.framework/Versions/A/Symbolication
0x0000000000521000 	/System/Library/PrivateFrameworks/SpeechRecognitionCore.framework/Versions/A/SpeechRecognitionCore
0x0000000104200000 	/Library/Java/JavaVirtualMachines/jdk1.8.0_11.jdk/Contents/Home/jre/lib/server/libjvm.dylib
0x0000000000521000 	/usr/lib/libstdc++.6.dylib
0x00000001039b9000 	/Library/Java/JavaVirtualMachines/jdk1.8.0_11.jdk/Contents/Home/jre/lib/libverify.dylib
0x00000001039c7000 	/Library/Java/JavaVirtualMachines/jdk1.8.0_11.jdk/Contents/Home/jre/lib/libjava.dylib
0x00000001050c1000 	/Library/Java/JavaVirtualMachines/jdk1.8.0_11.jdk/Contents/Home/jre/lib/libjdwp.dylib
0x00000001039fc000 	/Library/Java/JavaVirtualMachines/jdk1.8.0_11.jdk/Contents/Home/jre/lib/libnpt.dylib
0x0000000105115000 	/Library/Java/JavaVirtualMachines/jdk1.8.0_11.jdk/Contents/Home/jre/lib/libzip.dylib
0x0000000118515000 	/System/Library/Frameworks/JavaVM.framework/Frameworks/JavaRuntimeSupport.framework/JavaRuntimeSupport
0x0000000118530000 	/System/Library/Frameworks/JavaVM.framework/Versions/A/Frameworks/JavaNativeFoundation.framework/Versions/A/JavaNativeFoundation
0x0000000118545000 	/System/Library/Frameworks/JavaVM.framework/Versions/A/JavaVM
0x0000000000521000 	/System/Library/Frameworks/Carbon.framework/Versions/A/Carbon
0x0000000118552000 	/System/Library/PrivateFrameworks/JavaLaunching.framework/Versions/A/JavaLaunching
0x0000000000521000 	/System/Library/Frameworks/Carbon.framework/Versions/A/Frameworks/CommonPanels.framework/Versions/A/CommonPanels
0x0000000000521000 	/System/Library/Frameworks/Carbon.framework/Versions/A/Frameworks/Help.framework/Versions/A/Help
0x0000000000521000 	/System/Library/Frameworks/Carbon.framework/Versions/A/Frameworks/ImageCapture.framework/Versions/A/ImageCapture
0x0000000000521000 	/System/Library/Frameworks/Carbon.framework/Versions/A/Frameworks/OpenScripting.framework/Versions/A/OpenScripting
0x0000000000521000 	/System/Library/Frameworks/Carbon.framework/Versions/A/Frameworks/Print.framework/Versions/A/Print
0x0000000000521000 	/System/Library/Frameworks/Carbon.framework/Versions/A/Frameworks/SecurityHI.framework/Versions/A/SecurityHI
0x0000000119e73000 	/Library/Java/JavaVirtualMachines/jdk1.8.0_11.jdk/Contents/Home/jre/lib/libdt_socket.dylib

VM Arguments:
jvm_args: -agentlib:jdwp=transport=dt_socket,suspend=y,address=localhost:53763 -Dfile.encoding=UTF-8 
java_command: com.ml.hw4.Q2MainVote
java_class_path (initial): /Users/kartikeyashukla/Documents/workspace2/MLHW4/bin
Launcher Type: SUN_STANDARD

Environment Variables:
PATH=/usr/bin:/bin:/usr/sbin:/sbin
SHELL=/bin/bash
DISPLAY=/private/tmp/com.apple.launchd.1RWInuzbAO/org.macosforge.xquartz:0

Signal Handlers:
SIGSEGV: [libjvm.dylib+0x56059b], sa_mask[0]=0xfffefeff, sa_flags=0x00000043
SIGBUS: [libjvm.dylib+0x56059b], sa_mask[0]=0xfffefeff, sa_flags=0x00000042
SIGFPE: [libjvm.dylib+0x4438f2], sa_mask[0]=0xfffefeff, sa_flags=0x00000042
SIGPIPE: [libjvm.dylib+0x4438f2], sa_mask[0]=0xfffefeff, sa_flags=0x00000042
SIGXFSZ: [libjvm.dylib+0x4438f2], sa_mask[0]=0xfffefeff, sa_flags=0x00000042
SIGILL: [libjvm.dylib+0x4438f2], sa_mask[0]=0xfffefeff, sa_flags=0x00000042
SIGUSR1: SIG_DFL, sa_mask[0]=0x00000000, sa_flags=0x00000000
SIGUSR2: [libjvm.dylib+0x443410], sa_mask[0]=0x00000004, sa_flags=0x00000042
SIGHUP: [libjvm.dylib+0x44179b], sa_mask[0]=0xfffefeff, sa_flags=0x00000042
SIGINT: [libjvm.dylib+0x44179b], sa_mask[0]=0xfffefeff, sa_flags=0x00000042
SIGTERM: [libjvm.dylib+0x44179b], sa_mask[0]=0xfffefeff, sa_flags=0x00000042
SIGQUIT: [libjvm.dylib+0x44179b], sa_mask[0]=0xfffefeff, sa_flags=0x00000042


---------------  S Y S T E M  ---------------

OS:Bsduname:Darwin 15.0.0 Darwin Kernel Version 15.0.0: Sat Sep 19 15:53:46 PDT 2015; root:xnu-3247.10.11~1/RELEASE_X86_64 x86_64
rlimit: STACK 8192k, CORE 0k, NPROC 709, NOFILE 10240, AS infinity
load average:1.71 1.73 1.70

CPU:total 4 (2 cores per cpu, 2 threads per core) family 6 model 58 stepping 9, cmov, cx8, fxsr, mmx, sse, sse2, sse3, ssse3, sse4.1, sse4.2, popcnt, avx, aes, clmul, erms, ht, tsc, tscinvbit

Memory: 4k page, physical 4194304k(19764k free)

/proc/meminfo:


vm_info: Java HotSpot(TM) 64-Bit Server VM (25.11-b03) for bsd-amd64 JRE (1.8.0_11-b12), built on Jun 16 2014 17:39:42 by "java_re" with gcc 4.2.1 (Based on Apple Inc. build 5658) (LLVM build 2336.11.00)

time: Fri Nov  6 02:26:54 2015
elapsed time: 96 seconds

